<?xml version="1.0" encoding="UTF-8"?>
<!-- Generated by org.testng.reporters.JUnitReportReporter -->
<testsuite hostname="DESKTOP-BS115LP" failures="0" tests="4" name="com.Test.SignInPageTest" time="66.438" errors="0" timestamp="2022-05-09T16:06:53 EDT" skipped="0">
  <testcase classname="com.Test.SignInPageTest" name="SignInFieldTest" time="14.184"/>
  <system-out/>
  <testcase classname="com.Test.SignInPageTest" name="UserIDPhoneTest" time="15.041"/>
  <system-out/>
  <testcase classname="com.Test.SignInPageTest" name="PasswordFieldTest" time="18.698"/>
  <system-out/>
  <testcase classname="com.Test.SignInPageTest" name="SignOutTest" time="18.515"/>
  <system-out/>
</testsuite> <!-- com.Test.SignInPageTest -->
