<?xml version="1.0" encoding="UTF-8"?>
<!-- Generated by org.testng.reporters.JUnitReportReporter -->
<testsuite hostname="DESKTOP-BS115LP" failures="0" tests="5" name="com.Test.HomePageTest" time="68.701" errors="0" timestamp="2022-05-09T06:50:31 EDT" skipped="0">
  <testcase classname="com.Test.HomePageTest" name="PageTitleTest" time="11.502"/>
  <system-out/>
  <testcase classname="com.Test.HomePageTest" name="customerServiceLinkTest" time="11.976"/>
  <system-out/>
  <testcase classname="com.Test.HomePageTest" name="searchBoxFunctionTest" time="16.451"/>
  <system-out/>
  <testcase classname="com.Test.HomePageTest" name="ConditionOfUseLinkTest" time="15.643"/>
  <system-out/>
  <testcase classname="com.Test.HomePageTest" name="ClickCartFieldTest" time="13.129"/>
  <system-out/>
</testsuite> <!-- com.Test.HomePageTest -->
