<?xml version="1.0" encoding="UTF-8"?>
<!-- Generated by org.testng.reporters.JUnitReportReporter -->
<testsuite hostname="DESKTOP-BS115LP" failures="0" tests="4" name="com.Test.AmazonCartPageTest" time="66.059" errors="0" timestamp="2022-05-09T18:19:26 EDT" skipped="0">
  <testcase classname="com.Test.AmazonCartPageTest" name="AddToCartTest" time="24.182"/>
  <system-out/>
  <testcase classname="com.Test.AmazonCartPageTest" name="CartLinkTest" time="13.118"/>
  <system-out/>
  <testcase classname="com.Test.AmazonCartPageTest" name="SignUpLinkTest" time="13.203"/>
  <system-out/>
  <testcase classname="com.Test.AmazonCartPageTest" name="SignInLinkTest" time="15.556"/>
  <system-out/>
</testsuite> <!-- com.Test.AmazonCartPageTest -->
