<?xml version="1.0" encoding="UTF-8"?>
<!-- Generated by org.testng.reporters.JUnitReportReporter -->
<testsuite hostname="DESKTOP-BS115LP" failures="0" tests="2" name="com.Test.RegistrationPageTest" time="11.155" errors="0" timestamp="2022-05-10T17:06:11 EDT" skipped="1">
  <testcase classname="com.Test.RegistrationPageTest" name="PageTitleTest" time="11.155"/>
  <system-out/>
  <testcase classname="com.Test.RegistrationPageTest" name="RegisterNewUserTest" time="0.000">
    <skipped/>
  </testcase> <!-- RegisterNewUserTest -->
  <system-out/>
</testsuite> <!-- com.Test.RegistrationPageTest -->
