<?xml version="1.0" encoding="UTF-8"?>
<!-- Generated by org.testng.reporters.JUnitReportReporter -->
<testsuite hostname="DESKTOP-BS115LP" failures="0" tests="4" name="com.Test.SignInPageTest" time="80.128" errors="0" timestamp="2022-05-09T17:19:10 EDT" skipped="0">
  <testcase classname="com.Test.SignInPageTest" name="SignInFieldTest" time="16.245"/>
  <system-out/>
  <testcase classname="com.Test.SignInPageTest" name="UserIDPhoneTest" time="18.666"/>
  <system-out/>
  <testcase classname="com.Test.SignInPageTest" name="PasswordFieldTest" time="22.429"/>
  <system-out/>
  <testcase classname="com.Test.SignInPageTest" name="SignOutTest" time="22.788"/>
  <system-out/>
</testsuite> <!-- com.Test.SignInPageTest -->
